
=== Wed Jan  2 12:38:14 2019

Packages were changed.
Update Mode: updateDependencies

The following packages were added:
  com.unity.collab-proxy@1.2.15
The following packages were updated:
  com.unity.package-manager-ui from version 1.9.11 to 2.0.3
  com.unity.render-pipelines.core from version 3.0.0-preview to 4.1.0-preview
  com.unity.render-pipelines.lightweight from version 3.0.0-preview to 4.1.0-preview

=== Sat Feb 23 20:46:54 2019

Packages were changed.
Update Mode: updateDependencies

The following packages were updated:
  com.unity.render-pipelines.core from version 3.0.0-preview to 4.1.0-preview

=== Thu Apr 18 15:58:32 2019

Packages were changed.
Update Mode: updateDependencies

The following packages were updated:
  com.unity.package-manager-ui from version 2.0.3 to 2.0.7

=== Wed Jan 22 12:53:28 2020

Packages were changed.
Update Mode: updateDependencies

The following packages were updated:
  com.unity.package-manager-ui from version 2.0.7 to 2.0.8
